The target system is: Buildroot - 1 - armv5l
The host system is: Linux - 6.17.0-19-generic - x86_64
Compiling the C compiler identification source file "CMakeCCompilerId.c" succeeded.
Compiler: /home/bsodwtpc/myFiles/Proj/ePass/buildroot/output/host/bin/arm-buildroot-linux-gnueabi-gcc 
Build flags: -D_LARGEFILE_SOURCE;-D_LARGEFILE64_SOURCE;-D_FILE_OFFSET_BITS=64;-Os
Id flags:  

The output was:
0


Compilation of the C compiler identification source "CMakeCCompilerId.c" produced "a.out"

The C compiler identification is GNU, found in "/home/bsodwtpc/myFiles/Proj/ePass/App/ipcController/CMakeFiles/3.15.5/CompilerIdC/a.out"

Compiling the CXX compiler identification source file "CMakeCXXCompilerId.cpp" succeeded.
Compiler: /home/bsodwtpc/myFiles/Proj/ePass/buildroot/output/host/bin/arm-buildroot-linux-gnueabi-g++ 
Build flags: -D_LARGEFILE_SOURCE;-D_LARGEFILE64_SOURCE;-D_FILE_OFFSET_BITS=64;-Os
Id flags:  

The output was:
0


Compilation of the CXX compiler identification source "CMakeCXXCompilerId.cpp" produced "a.out"

The CXX compiler identification is GNU, found in "/home/bsodwtpc/myFiles/Proj/ePass/App/ipcController/CMakeFiles/3.15.5/CompilerIdCXX/a.out"

Determining if the C compiler works passed with the following output:
Change Dir: /home/bsodwtpc/myFiles/Proj/ePass/App/ipcController/CMakeFiles/CMakeTmp

Run Build Command(s):/usr/bin/gmake cmTC_7b8cc/fast && /usr/bin/gmake -f CMakeFiles/cmTC_7b8cc.dir/build.make CMakeFiles/cmTC_7b8cc.dir/build
gmake[1]: 进入目录“/home/bsodwtpc/myFiles/Proj/ePass/App/ipcController/CMakeFiles/CMakeTmp”
Building C object CMakeFiles/cmTC_7b8cc.dir/testCCompiler.c.o
/home/bsodwtpc/myFiles/Proj/ePass/buildroot/output/host/bin/arm-buildroot-linux-gnueabi-gcc --sysroot=/home/bsodwtpc/myFiles/Proj/ePass/buildroot/output/host/arm-buildroot-linux-gnueabi/sysroot   -D_LARGEFILE_SOURCE -D_LARGEFILE64_SOURCE -D_FILE_OFFSET_BITS=64 -Os   -DNDEBUG   -o CMakeFiles/cmTC_7b8cc.dir/testCCompiler.c.o   -c /home/bsodwtpc/myFiles/Proj/ePass/App/ipcController/CMakeFiles/CMakeTmp/testCCompiler.c
Linking C executable cmTC_7b8cc
/home/bsodwtpc/myFiles/Proj/ePass/buildroot/output/host/bin/cmake -E cmake_link_script CMakeFiles/cmTC_7b8cc.dir/link.txt --verbose=1
/home/bsodwtpc/myFiles/Proj/ePass/buildroot/output/host/bin/arm-buildroot-linux-gnueabi-gcc --sysroot=/home/bsodwtpc/myFiles/Proj/ePass/buildroot/output/host/arm-buildroot-linux-gnueabi/sysroot -D_LARGEFILE_SOURCE -D_LARGEFILE64_SOURCE -D_FILE_OFFSET_BITS=64 -Os   -DNDEBUG    CMakeFiles/cmTC_7b8cc.dir/testCCompiler.c.o  -o cmTC_7b8cc 
gmake[1]: 离开目录“/home/bsodwtpc/myFiles/Proj/ePass/App/ipcController/CMakeFiles/CMakeTmp”



Detecting C compiler ABI info compiled with the following output:
Change Dir: /home/bsodwtpc/myFiles/Proj/ePass/App/ipcController/CMakeFiles/CMakeTmp

Run Build Command(s):/usr/bin/gmake cmTC_f333e/fast && /usr/bin/gmake -f CMakeFiles/cmTC_f333e.dir/build.make CMakeFiles/cmTC_f333e.dir/build
gmake[1]: Entering directory '/home/bsodwtpc/myFiles/Proj/ePass/App/ipcController/CMakeFiles/CMakeTmp'
Building C object CMakeFiles/cmTC_f333e.dir/CMakeCCompilerABI.c.o
/home/bsodwtpc/myFiles/Proj/ePass/buildroot/output/host/bin/arm-buildroot-linux-gnueabi-gcc --sysroot=/home/bsodwtpc/myFiles/Proj/ePass/buildroot/output/host/arm-buildroot-linux-gnueabi/sysroot   -D_LARGEFILE_SOURCE -D_LARGEFILE64_SOURCE -D_FILE_OFFSET_BITS=64 -Os   -DNDEBUG   -v -o CMakeFiles/cmTC_f333e.dir/CMakeCCompilerABI.c.o   -c /home/bsodwtpc/myFiles/Proj/ePass/buildroot/output/host/share/cmake-3.15/Modules/CMakeCCompilerABI.c
Using built-in specs.
COLLECT_GCC=/home/bsodwtpc/myFiles/Proj/ePass/buildroot/output/host/bin/arm-buildroot-linux-gnueabi-gcc.br_real
Target: arm-buildroot-linux-gnueabi
Configured with: ./configure --prefix=/home/bsodwtpc/myFiles/Proj/ePass/buildroot/output/host --sysconfdir=/home/bsodwtpc/myFiles/Proj/ePass/buildroot/output/host/etc --enable-static --target=arm-buildroot-linux-gnueabi --with-sysroot=/home/bsodwtpc/myFiles/Proj/ePass/buildroot/output/host/arm-buildroot-linux-gnueabi/sysroot --enable-__cxa_atexit --with-gnu-ld --disable-libssp --disable-multilib --disable-decimal-float --with-gmp=/home/bsodwtpc/myFiles/Proj/ePass/buildroot/output/host --with-mpc=/home/bsodwtpc/myFiles/Proj/ePass/buildroot/output/host --with-mpfr=/home/bsodwtpc/myFiles/Proj/ePass/buildroot/output/host --with-pkgversion='Buildroot -g30ef62f' --with-bugurl=http://bugs.buildroot.net/ --disable-libquadmath --enable-tls --enable-plugins --enable-lto --enable-threads --without-isl --without-cloog --with-float=soft --with-abi=aapcs-linux --with-cpu=arm926ej-s --with-float=soft --with-mode=arm --enable-languages=c,c++ --with-build-time-tools=/home/bsodwtpc/myFiles/Proj/ePass/buildroot/output/host/arm-buildroot-linux-gnueabi/bin --enable-shared --disable-libgomp
Thread model: posix
gcc version 8.4.0 (Buildroot -g30ef62f) 
COLLECT_GCC_OPTIONS='-D' '_LARGEFILE_SOURCE' '-D' '_LARGEFILE64_SOURCE' '-D' '_FILE_OFFSET_BITS=64' '-Os' '-D' 'NDEBUG' '-v' '-o' 'CMakeFiles/cmTC_f333e.dir/CMakeCCompilerABI.c.o' '-c' '-mcpu=arm926ej-s' '-mfloat-abi=soft' '-mabi=aapcs-linux' '-marm' '-mtls-dialect=gnu' '-march=armv5tej'
 /home/bsodwtpc/myFiles/Proj/ePass/buildroot/output/host/libexec/gcc/arm-buildroot-linux-gnueabi/8.4.0/cc1 -quiet -v -isysroot /home/bsodwtpc/myFiles/Proj/ePass/buildroot/output/host/arm-buildroot-linux-gnueabi/sysroot -D _LARGEFILE_SOURCE -D _LARGEFILE64_SOURCE -D _FILE_OFFSET_BITS=64 -D NDEBUG /home/bsodwtpc/myFiles/Proj/ePass/buildroot/output/host/share/cmake-3.15/Modules/CMakeCCompilerABI.c -quiet -dumpbase CMakeCCompilerABI.c -mcpu=arm926ej-s -mfloat-abi=soft -mabi=aapcs-linux -marm -mtls-dialect=gnu -march=armv5tej -auxbase-strip CMakeFiles/cmTC_f333e.dir/CMakeCCompilerABI.c.o -Os -version -o /tmp/ccHFui9l.s
GNU C17 (Buildroot -g30ef62f) version 8.4.0 (arm-buildroot-linux-gnueabi)
	compiled by GNU C version 13.3.0, GMP version 6.1.2, MPFR version 4.0.2, MPC version 1.1.0, isl version none
GGC heuristics: --param ggc-min-expand=100 --param ggc-min-heapsize=131072
ignoring nonexistent directory "/home/bsodwtpc/myFiles/Proj/ePass/buildroot/output/host/arm-buildroot-linux-gnueabi/sysroot/usr/local/include"
#include "..." search starts here:
#include <...> search starts here:
 /home/bsodwtpc/myFiles/Proj/ePass/buildroot/output/host/lib/gcc/arm-buildroot-linux-gnueabi/8.4.0/include
 /home/bsodwtpc/myFiles/Proj/ePass/buildroot/output/host/lib/gcc/arm-buildroot-linux-gnueabi/8.4.0/include-fixed
 /home/bsodwtpc/myFiles/Proj/ePass/buildroot/output/host/lib/gcc/arm-buildroot-linux-gnueabi/8.4.0/../../../../arm-buildroot-linux-gnueabi/include
 /home/bsodwtpc/myFiles/Proj/ePass/buildroot/output/host/arm-buildroot-linux-gnueabi/sysroot/usr/include
End of search list.
GNU C17 (Buildroot -g30ef62f) version 8.4.0 (arm-buildroot-linux-gnueabi)
	compiled by GNU C version 13.3.0, GMP version 6.1.2, MPFR version 4.0.2, MPC version 1.1.0, isl version none
GGC heuristics: --param ggc-min-expand=100 --param ggc-min-heapsize=131072
Compiler executable checksum: b2903429b2d96d57897467ea5029c3aa
COLLECT_GCC_OPTIONS='-D' '_LARGEFILE_SOURCE' '-D' '_LARGEFILE64_SOURCE' '-D' '_FILE_OFFSET_BITS=64' '-Os' '-D' 'NDEBUG' '-v' '-o' 'CMakeFiles/cmTC_f333e.dir/CMakeCCompilerABI.c.o' '-c' '-mcpu=arm926ej-s' '-mfloat-abi=soft' '-mabi=aapcs-linux' '-marm' '-mtls-dialect=gnu' '-march=armv5tej'
 /home/bsodwtpc/myFiles/Proj/ePass/buildroot/output/host/lib/gcc/arm-buildroot-linux-gnueabi/8.4.0/../../../../arm-buildroot-linux-gnueabi/bin/as -v -march=armv5tej -mfloat-abi=soft -meabi=5 -o CMakeFiles/cmTC_f333e.dir/CMakeCCompilerABI.c.o /tmp/ccHFui9l.s
GNU assembler version 2.32 (arm-buildroot-linux-gnueabi) using BFD version (GNU Binutils) 2.32
COMPILER_PATH=/home/bsodwtpc/myFiles/Proj/ePass/buildroot/output/host/libexec/gcc/arm-buildroot-linux-gnueabi/8.4.0/:/home/bsodwtpc/myFiles/Proj/ePass/buildroot/output/host/libexec/gcc/arm-buildroot-linux-gnueabi/8.4.0/:/home/bsodwtpc/myFiles/Proj/ePass/buildroot/output/host/libexec/gcc/arm-buildroot-linux-gnueabi/:/home/bsodwtpc/myFiles/Proj/ePass/buildroot/output/host/lib/gcc/arm-buildroot-linux-gnueabi/8.4.0/:/home/bsodwtpc/myFiles/Proj/ePass/buildroot/output/host/lib/gcc/arm-buildroot-linux-gnueabi/:/home/bsodwtpc/myFiles/Proj/ePass/buildroot/output/host/lib/gcc/arm-buildroot-linux-gnueabi/8.4.0/../../../../arm-buildroot-linux-gnueabi/bin/
LIBRARY_PATH=/home/bsodwtpc/myFiles/Proj/ePass/buildroot/output/host/lib/gcc/arm-buildroot-linux-gnueabi/8.4.0/:/home/bsodwtpc/myFiles/Proj/ePass/buildroot/output/host/lib/gcc/arm-buildroot-linux-gnueabi/8.4.0/../../../../arm-buildroot-linux-gnueabi/lib/:/home/bsodwtpc/myFiles/Proj/ePass/buildroot/output/host/arm-buildroot-linux-gnueabi/sysroot/lib/:/home/bsodwtpc/myFiles/Proj/ePass/buildroot/output/host/arm-buildroot-linux-gnueabi/sysroot/usr/lib/
COLLECT_GCC_OPTIONS='-D' '_LARGEFILE_SOURCE' '-D' '_LARGEFILE64_SOURCE' '-D' '_FILE_OFFSET_BITS=64' '-Os' '-D' 'NDEBUG' '-v' '-o' 'CMakeFiles/cmTC_f333e.dir/CMakeCCompilerABI.c.o' '-c' '-mcpu=arm926ej-s' '-mfloat-abi=soft' '-mabi=aapcs-linux' '-marm' '-mtls-dialect=gnu' '-march=armv5tej'
Linking C executable cmTC_f333e
/home/bsodwtpc/myFiles/Proj/ePass/buildroot/output/host/bin/cmake -E cmake_link_script CMakeFiles/cmTC_f333e.dir/link.txt --verbose=1
/home/bsodwtpc/myFiles/Proj/ePass/buildroot/output/host/bin/arm-buildroot-linux-gnueabi-gcc --sysroot=/home/bsodwtpc/myFiles/Proj/ePass/buildroot/output/host/arm-buildroot-linux-gnueabi/sysroot -D_LARGEFILE_SOURCE -D_LARGEFILE64_SOURCE -D_FILE_OFFSET_BITS=64 -Os   -DNDEBUG   -v CMakeFiles/cmTC_f333e.dir/CMakeCCompilerABI.c.o  -o cmTC_f333e 
Using built-in specs.
COLLECT_GCC=/home/bsodwtpc/myFiles/Proj/ePass/buildroot/output/host/bin/arm-buildroot-linux-gnueabi-gcc.br_real
COLLECT_LTO_WRAPPER=/home/bsodwtpc/myFiles/Proj/ePass/buildroot/output/host/libexec/gcc/arm-buildroot-linux-gnueabi/8.4.0/lto-wrapper
Target: arm-buildroot-linux-gnueabi
Configured with: ./configure --prefix=/home/bsodwtpc/myFiles/Proj/ePass/buildroot/output/host --sysconfdir=/home/bsodwtpc/myFiles/Proj/ePass/buildroot/output/host/etc --enable-static --target=arm-buildroot-linux-gnueabi --with-sysroot=/home/bsodwtpc/myFiles/Proj/ePass/buildroot/output/host/arm-buildroot-linux-gnueabi/sysroot --enable-__cxa_atexit --with-gnu-ld --disable-libssp --disable-multilib --disable-decimal-float --with-gmp=/home/bsodwtpc/myFiles/Proj/ePass/buildroot/output/host --with-mpc=/home/bsodwtpc/myFiles/Proj/ePass/buildroot/output/host --with-mpfr=/home/bsodwtpc/myFiles/Proj/ePass/buildroot/output/host --with-pkgversion='Buildroot -g30ef62f' --with-bugurl=http://bugs.buildroot.net/ --disable-libquadmath --enable-tls --enable-plugins --enable-lto --enable-threads --without-isl --without-cloog --with-float=soft --with-abi=aapcs-linux --with-cpu=arm926ej-s --with-float=soft --with-mode=arm --enable-languages=c,c++ --with-build-time-tools=/home/bsodwtpc/myFiles/Proj/ePass/buildroot/output/host/arm-buildroot-linux-gnueabi/bin --enable-shared --disable-libgomp
Thread model: posix
gcc version 8.4.0 (Buildroot -g30ef62f) 
COMPILER_PATH=/home/bsodwtpc/myFiles/Proj/ePass/buildroot/output/host/libexec/gcc/arm-buildroot-linux-gnueabi/8.4.0/:/home/bsodwtpc/myFiles/Proj/ePass/buildroot/output/host/libexec/gcc/arm-buildroot-linux-gnueabi/8.4.0/:/home/bsodwtpc/myFiles/Proj/ePass/buildroot/output/host/libexec/gcc/arm-buildroot-linux-gnueabi/:/home/bsodwtpc/myFiles/Proj/ePass/buildroot/output/host/lib/gcc/arm-buildroot-linux-gnueabi/8.4.0/:/home/bsodwtpc/myFiles/Proj/ePass/buildroot/output/host/lib/gcc/arm-buildroot-linux-gnueabi/:/home/bsodwtpc/myFiles/Proj/ePass/buildroot/output/host/lib/gcc/arm-buildroot-linux-gnueabi/8.4.0/../../../../arm-buildroot-linux-gnueabi/bin/
LIBRARY_PATH=/home/bsodwtpc/myFiles/Proj/ePass/buildroot/output/host/lib/gcc/arm-buildroot-linux-gnueabi/8.4.0/:/home/bsodwtpc/myFiles/Proj/ePass/buildroot/output/host/lib/gcc/arm-buildroot-linux-gnueabi/8.4.0/../../../../arm-buildroot-linux-gnueabi/lib/:/home/bsodwtpc/myFiles/Proj/ePass/buildroot/output/host/arm-buildroot-linux-gnueabi/sysroot/lib/:/home/bsodwtpc/myFiles/Proj/ePass/buildroot/output/host/arm-buildroot-linux-gnueabi/sysroot/usr/lib/
COLLECT_GCC_OPTIONS='-D' '_LARGEFILE_SOURCE' '-D' '_LARGEFILE64_SOURCE' '-D' '_FILE_OFFSET_BITS=64' '-Os' '-D' 'NDEBUG' '-v' '-o' 'cmTC_f333e' '-mcpu=arm926ej-s' '-mfloat-abi=soft' '-mabi=aapcs-linux' '-marm' '-mtls-dialect=gnu' '-march=armv5tej'
 /home/bsodwtpc/myFiles/Proj/ePass/buildroot/output/host/libexec/gcc/arm-buildroot-linux-gnueabi/8.4.0/collect2 -plugin /home/bsodwtpc/myFiles/Proj/ePass/buildroot/output/host/libexec/gcc/arm-buildroot-linux-gnueabi/8.4.0/liblto_plugin.so -plugin-opt=/home/bsodwtpc/myFiles/Proj/ePass/buildroot/output/host/libexec/gcc/arm-buildroot-linux-gnueabi/8.4.0/lto-wrapper -plugin-opt=-fresolution=/tmp/ccRrvzzG.res -plugin-opt=-pass-through=-lgcc -plugin-opt=-pass-through=-lgcc_s -plugin-opt=-pass-through=-lc -plugin-opt=-pass-through=-lgcc -plugin-opt=-pass-through=-lgcc_s --sysroot=/home/bsodwtpc/myFiles/Proj/ePass/buildroot/output/host/arm-buildroot-linux-gnueabi/sysroot --eh-frame-hdr -dynamic-linker /lib/ld-linux.so.3 -X -m armelf_linux_eabi -o cmTC_f333e /home/bsodwtpc/myFiles/Proj/ePass/buildroot/output/host/arm-buildroot-linux-gnueabi/sysroot/usr/lib/crt1.o /home/bsodwtpc/myFiles/Proj/ePass/buildroot/output/host/arm-buildroot-linux-gnueabi/sysroot/usr/lib/crti.o /home/bsodwtpc/myFiles/Proj/ePass/buildroot/output/host/lib/gcc/arm-buildroot-linux-gnueabi/8.4.0/crtbegin.o -L/home/bsodwtpc/myFiles/Proj/ePass/buildroot/output/host/lib/gcc/arm-buildroot-linux-gnueabi/8.4.0 -L/home/bsodwtpc/myFiles/Proj/ePass/buildroot/output/host/lib/gcc/arm-buildroot-linux-gnueabi/8.4.0/../../../../arm-buildroot-linux-gnueabi/lib -L/home/bsodwtpc/myFiles/Proj/ePass/buildroot/output/host/arm-buildroot-linux-gnueabi/sysroot/lib -L/home/bsodwtpc/myFiles/Proj/ePass/buildroot/output/host/arm-buildroot-linux-gnueabi/sysroot/usr/lib CMakeFiles/cmTC_f333e.dir/CMakeCCompilerABI.c.o -lgcc --as-needed -lgcc_s --no-as-needed -lc -lgcc --as-needed -lgcc_s --no-as-needed /home/bsodwtpc/myFiles/Proj/ePass/buildroot/output/host/lib/gcc/arm-buildroot-linux-gnueabi/8.4.0/crtend.o /home/bsodwtpc/myFiles/Proj/ePass/buildroot/output/host/arm-buildroot-linux-gnueabi/sysroot/usr/lib/crtn.o
COLLECT_GCC_OPTIONS='-D' '_LARGEFILE_SOURCE' '-D' '_LARGEFILE64_SOURCE' '-D' '_FILE_OFFSET_BITS=64' '-Os' '-D' 'NDEBUG' '-v' '-o' 'cmTC_f333e' '-mcpu=arm926ej-s' '-mfloat-abi=soft' '-mabi=aapcs-linux' '-marm' '-mtls-dialect=gnu' '-march=armv5tej'
gmake[1]: Leaving directory '/home/bsodwtpc/myFiles/Proj/ePass/App/ipcController/CMakeFiles/CMakeTmp'



Parsed C implicit include dir info from above output: rv=done
  found start of include info
  found start of implicit include info
    add: [/home/bsodwtpc/myFiles/Proj/ePass/buildroot/output/host/lib/gcc/arm-buildroot-linux-gnueabi/8.4.0/include]
    add: [/home/bsodwtpc/myFiles/Proj/ePass/buildroot/output/host/lib/gcc/arm-buildroot-linux-gnueabi/8.4.0/include-fixed]
    add: [/home/bsodwtpc/myFiles/Proj/ePass/buildroot/output/host/lib/gcc/arm-buildroot-linux-gnueabi/8.4.0/../../../../arm-buildroot-linux-gnueabi/include]
    add: [/home/bsodwtpc/myFiles/Proj/ePass/buildroot/output/host/arm-buildroot-linux-gnueabi/sysroot/usr/include]
  end of search list found
  collapse include dir [/home/bsodwtpc/myFiles/Proj/ePass/buildroot/output/host/lib/gcc/arm-buildroot-linux-gnueabi/8.4.0/include] ==> [/home/bsodwtpc/myFiles/Proj/ePass/buildroot/output/host/lib/gcc/arm-buildroot-linux-gnueabi/8.4.0/include]
  collapse include dir [/home/bsodwtpc/myFiles/Proj/ePass/buildroot/output/host/lib/gcc/arm-buildroot-linux-gnueabi/8.4.0/include-fixed] ==> [/home/bsodwtpc/myFiles/Proj/ePass/buildroot/output/host/lib/gcc/arm-buildroot-linux-gnueabi/8.4.0/include-fixed]
  collapse include dir [/home/bsodwtpc/myFiles/Proj/ePass/buildroot/output/host/lib/gcc/arm-buildroot-linux-gnueabi/8.4.0/../../../../arm-buildroot-linux-gnueabi/include] ==> [/home/bsodwtpc/myFiles/Proj/ePass/buildroot/output/host/arm-buildroot-linux-gnueabi/include]
  collapse include dir [/home/bsodwtpc/myFiles/Proj/ePass/buildroot/output/host/arm-buildroot-linux-gnueabi/sysroot/usr/include] ==> [/home/bsodwtpc/myFiles/Proj/ePass/buildroot/output/host/arm-buildroot-linux-gnueabi/sysroot/usr/include]
  implicit include dirs: [/home/bsodwtpc/myFiles/Proj/ePass/buildroot/output/host/lib/gcc/arm-buildroot-linux-gnueabi/8.4.0/include;/home/bsodwtpc/myFiles/Proj/ePass/buildroot/output/host/lib/gcc/arm-buildroot-linux-gnueabi/8.4.0/include-fixed;/home/bsodwtpc/myFiles/Proj/ePass/buildroot/output/host/arm-buildroot-linux-gnueabi/include;/home/bsodwtpc/myFiles/Proj/ePass/buildroot/output/host/arm-buildroot-linux-gnueabi/sysroot/usr/include]


Parsed C implicit link information from above output:
  link line regex: [^( *|.*[/\])(arm-buildroot-linux-gnueabi-ld|CMAKE_LINK_STARTFILE-NOTFOUND|([^/\]+-)?ld|collect2)[^/\]*( |$)]
  ignore line: [Change Dir: /home/bsodwtpc/myFiles/Proj/ePass/App/ipcController/CMakeFiles/CMakeTmp]
  ignore line: []
  ignore line: [Run Build Command(s):/usr/bin/gmake cmTC_f333e/fast && /usr/bin/gmake -f CMakeFiles/cmTC_f333e.dir/build.make CMakeFiles/cmTC_f333e.dir/build]
  ignore line: [gmake[1]: Entering directory '/home/bsodwtpc/myFiles/Proj/ePass/App/ipcController/CMakeFiles/CMakeTmp']
  ignore line: [Building C object CMakeFiles/cmTC_f333e.dir/CMakeCCompilerABI.c.o]
  ignore line: [/home/bsodwtpc/myFiles/Proj/ePass/buildroot/output/host/bin/arm-buildroot-linux-gnueabi-gcc --sysroot=/home/bsodwtpc/myFiles/Proj/ePass/buildroot/output/host/arm-buildroot-linux-gnueabi/sysroot   -D_LARGEFILE_SOURCE -D_LARGEFILE64_SOURCE -D_FILE_OFFSET_BITS=64 -Os   -DNDEBUG   -v -o CMakeFiles/cmTC_f333e.dir/CMakeCCompilerABI.c.o   -c /home/bsodwtpc/myFiles/Proj/ePass/buildroot/output/host/share/cmake-3.15/Modules/CMakeCCompilerABI.c]
  ignore line: [Using built-in specs.]
  ignore line: [COLLECT_GCC=/home/bsodwtpc/myFiles/Proj/ePass/buildroot/output/host/bin/arm-buildroot-linux-gnueabi-gcc.br_real]
  ignore line: [Target: arm-buildroot-linux-gnueabi]
  ignore line: [Configured with: ./configure --prefix=/home/bsodwtpc/myFiles/Proj/ePass/buildroot/output/host --sysconfdir=/home/bsodwtpc/myFiles/Proj/ePass/buildroot/output/host/etc --enable-static --target=arm-buildroot-linux-gnueabi --with-sysroot=/home/bsodwtpc/myFiles/Proj/ePass/buildroot/output/host/arm-buildroot-linux-gnueabi/sysroot --enable-__cxa_atexit --with-gnu-ld --disable-libssp --disable-multilib --disable-decimal-float --with-gmp=/home/bsodwtpc/myFiles/Proj/ePass/buildroot/output/host --with-mpc=/home/bsodwtpc/myFiles/Proj/ePass/buildroot/output/host --with-mpfr=/home/bsodwtpc/myFiles/Proj/ePass/buildroot/output/host --with-pkgversion='Buildroot -g30ef62f' --with-bugurl=http://bugs.buildroot.net/ --disable-libquadmath --enable-tls --enable-plugins --enable-lto --enable-threads --without-isl --without-cloog --with-float=soft --with-abi=aapcs-linux --with-cpu=arm926ej-s --with-float=soft --with-mode=arm --enable-languages=c,c++ --with-build-time-tools=/home/bsodwtpc/myFiles/Proj/ePass/buildroot/output/host/arm-buildroot-linux-gnueabi/bin --enable-shared --disable-libgomp]
  ignore line: [Thread model: posix]
  ignore line: [gcc version 8.4.0 (Buildroot -g30ef62f) ]
  ignore line: [COLLECT_GCC_OPTIONS='-D' '_LARGEFILE_SOURCE' '-D' '_LARGEFILE64_SOURCE' '-D' '_FILE_OFFSET_BITS=64' '-Os' '-D' 'NDEBUG' '-v' '-o' 'CMakeFiles/cmTC_f333e.dir/CMakeCCompilerABI.c.o' '-c' '-mcpu=arm926ej-s' '-mfloat-abi=soft' '-mabi=aapcs-linux' '-marm' '-mtls-dialect=gnu' '-march=armv5tej']
  ignore line: [ /home/bsodwtpc/myFiles/Proj/ePass/buildroot/output/host/libexec/gcc/arm-buildroot-linux-gnueabi/8.4.0/cc1 -quiet -v -isysroot /home/bsodwtpc/myFiles/Proj/ePass/buildroot/output/host/arm-buildroot-linux-gnueabi/sysroot -D _LARGEFILE_SOURCE -D _LARGEFILE64_SOURCE -D _FILE_OFFSET_BITS=64 -D NDEBUG /home/bsodwtpc/myFiles/Proj/ePass/buildroot/output/host/share/cmake-3.15/Modules/CMakeCCompilerABI.c -quiet -dumpbase CMakeCCompilerABI.c -mcpu=arm926ej-s -mfloat-abi=soft -mabi=aapcs-linux -marm -mtls-dialect=gnu -march=armv5tej -auxbase-strip CMakeFiles/cmTC_f333e.dir/CMakeCCompilerABI.c.o -Os -version -o /tmp/ccHFui9l.s]
  ignore line: [GNU C17 (Buildroot -g30ef62f) version 8.4.0 (arm-buildroot-linux-gnueabi)]
  ignore line: [	compiled by GNU C version 13.3.0, GMP version 6.1.2, MPFR version 4.0.2, MPC version 1.1.0, isl version none]
  ignore line: [GGC heuristics: --param ggc-min-expand=100 --param ggc-min-heapsize=131072]
  ignore line: [ignoring nonexistent directory "/home/bsodwtpc/myFiles/Proj/ePass/buildroot/output/host/arm-buildroot-linux-gnueabi/sysroot/usr/local/include"]
  ignore line: [#include "..." search starts here:]
  ignore line: [#include <...> search starts here:]
  ignore line: [ /home/bsodwtpc/myFiles/Proj/ePass/buildroot/output/host/lib/gcc/arm-buildroot-linux-gnueabi/8.4.0/include]
  ignore line: [ /home/bsodwtpc/myFiles/Proj/ePass/buildroot/output/host/lib/gcc/arm-buildroot-linux-gnueabi/8.4.0/include-fixed]
  ignore line: [ /home/bsodwtpc/myFiles/Proj/ePass/buildroot/output/host/lib/gcc/arm-buildroot-linux-gnueabi/8.4.0/../../../../arm-buildroot-linux-gnueabi/include]
  ignore line: [ /home/bsodwtpc/myFiles/Proj/ePass/buildroot/output/host/arm-buildroot-linux-gnueabi/sysroot/usr/include]
  ignore line: [End of search list.]
  ignore line: [GNU C17 (Buildroot -g30ef62f) version 8.4.0 (arm-buildroot-linux-gnueabi)]
  ignore line: [	compiled by GNU C version 13.3.0, GMP version 6.1.2, MPFR version 4.0.2, MPC version 1.1.0, isl version none]
  ignore line: [GGC heuristics: --param ggc-min-expand=100 --param ggc-min-heapsize=131072]
  ignore line: [Compiler executable checksum: b2903429b2d96d57897467ea5029c3aa]
  ignore line: [COLLECT_GCC_OPTIONS='-D' '_LARGEFILE_SOURCE' '-D' '_LARGEFILE64_SOURCE' '-D' '_FILE_OFFSET_BITS=64' '-Os' '-D' 'NDEBUG' '-v' '-o' 'CMakeFiles/cmTC_f333e.dir/CMakeCCompilerABI.c.o' '-c' '-mcpu=arm926ej-s' '-mfloat-abi=soft' '-mabi=aapcs-linux' '-marm' '-mtls-dialect=gnu' '-march=armv5tej']
  ignore line: [ /home/bsodwtpc/myFiles/Proj/ePass/buildroot/output/host/lib/gcc/arm-buildroot-linux-gnueabi/8.4.0/../../../../arm-buildroot-linux-gnueabi/bin/as -v -march=armv5tej -mfloat-abi=soft -meabi=5 -o CMakeFiles/cmTC_f333e.dir/CMakeCCompilerABI.c.o /tmp/ccHFui9l.s]
  ignore line: [GNU assembler version 2.32 (arm-buildroot-linux-gnueabi) using BFD version (GNU Binutils) 2.32]
  ignore line: [COMPILER_PATH=/home/bsodwtpc/myFiles/Proj/ePass/buildroot/output/host/libexec/gcc/arm-buildroot-linux-gnueabi/8.4.0/:/home/bsodwtpc/myFiles/Proj/ePass/buildroot/output/host/libexec/gcc/arm-buildroot-linux-gnueabi/8.4.0/:/home/bsodwtpc/myFiles/Proj/ePass/buildroot/output/host/libexec/gcc/arm-buildroot-linux-gnueabi/:/home/bsodwtpc/myFiles/Proj/ePass/buildroot/output/host/lib/gcc/arm-buildroot-linux-gnueabi/8.4.0/:/home/bsodwtpc/myFiles/Proj/ePass/buildroot/output/host/lib/gcc/arm-buildroot-linux-gnueabi/:/home/bsodwtpc/myFiles/Proj/ePass/buildroot/output/host/lib/gcc/arm-buildroot-linux-gnueabi/8.4.0/../../../../arm-buildroot-linux-gnueabi/bin/]
  ignore line: [LIBRARY_PATH=/home/bsodwtpc/myFiles/Proj/ePass/buildroot/output/host/lib/gcc/arm-buildroot-linux-gnueabi/8.4.0/:/home/bsodwtpc/myFiles/Proj/ePass/buildroot/output/host/lib/gcc/arm-buildroot-linux-gnueabi/8.4.0/../../../../arm-buildroot-linux-gnueabi/lib/:/home/bsodwtpc/myFiles/Proj/ePass/buildroot/output/host/arm-buildroot-linux-gnueabi/sysroot/lib/:/home/bsodwtpc/myFiles/Proj/ePass/buildroot/output/host/arm-buildroot-linux-gnueabi/sysroot/usr/lib/]
  ignore line: [COLLECT_GCC_OPTIONS='-D' '_LARGEFILE_SOURCE' '-D' '_LARGEFILE64_SOURCE' '-D' '_FILE_OFFSET_BITS=64' '-Os' '-D' 'NDEBUG' '-v' '-o' 'CMakeFiles/cmTC_f333e.dir/CMakeCCompilerABI.c.o' '-c' '-mcpu=arm926ej-s' '-mfloat-abi=soft' '-mabi=aapcs-linux' '-marm' '-mtls-dialect=gnu' '-march=armv5tej']
  ignore line: [Linking C executable cmTC_f333e]
  ignore line: [/home/bsodwtpc/myFiles/Proj/ePass/buildroot/output/host/bin/cmake -E cmake_link_script CMakeFiles/cmTC_f333e.dir/link.txt --verbose=1]
  ignore line: [/home/bsodwtpc/myFiles/Proj/ePass/buildroot/output/host/bin/arm-buildroot-linux-gnueabi-gcc --sysroot=/home/bsodwtpc/myFiles/Proj/ePass/buildroot/output/host/arm-buildroot-linux-gnueabi/sysroot -D_LARGEFILE_SOURCE -D_LARGEFILE64_SOURCE -D_FILE_OFFSET_BITS=64 -Os   -DNDEBUG   -v CMakeFiles/cmTC_f333e.dir/CMakeCCompilerABI.c.o  -o cmTC_f333e ]
  ignore line: [Using built-in specs.]
  ignore line: [COLLECT_GCC=/home/bsodwtpc/myFiles/Proj/ePass/buildroot/output/host/bin/arm-buildroot-linux-gnueabi-gcc.br_real]
  ignore line: [COLLECT_LTO_WRAPPER=/home/bsodwtpc/myFiles/Proj/ePass/buildroot/output/host/libexec/gcc/arm-buildroot-linux-gnueabi/8.4.0/lto-wrapper]
  ignore line: [Target: arm-buildroot-linux-gnueabi]
  ignore line: [Configured with: ./configure --prefix=/home/bsodwtpc/myFiles/Proj/ePass/buildroot/output/host --sysconfdir=/home/bsodwtpc/myFiles/Proj/ePass/buildroot/output/host/etc --enable-static --target=arm-buildroot-linux-gnueabi --with-sysroot=/home/bsodwtpc/myFiles/Proj/ePass/buildroot/output/host/arm-buildroot-linux-gnueabi/sysroot --enable-__cxa_atexit --with-gnu-ld --disable-libssp --disable-multilib --disable-decimal-float --with-gmp=/home/bsodwtpc/myFiles/Proj/ePass/buildroot/output/host --with-mpc=/home/bsodwtpc/myFiles/Proj/ePass/buildroot/output/host --with-mpfr=/home/bsodwtpc/myFiles/Proj/ePass/buildroot/output/host --with-pkgversion='Buildroot -g30ef62f' --with-bugurl=http://bugs.buildroot.net/ --disable-libquadmath --enable-tls --enable-plugins --enable-lto --enable-threads --without-isl --without-cloog --with-float=soft --with-abi=aapcs-linux --with-cpu=arm926ej-s --with-float=soft --with-mode=arm --enable-languages=c,c++ --with-build-time-tools=/home/bsodwtpc/myFiles/Proj/ePass/buildroot/output/host/arm-buildroot-linux-gnueabi/bin --enable-shared --disable-libgomp]
  ignore line: [Thread model: posix]
  ignore line: [gcc version 8.4.0 (Buildroot -g30ef62f) ]
  ignore line: [COMPILER_PATH=/home/bsodwtpc/myFiles/Proj/ePass/buildroot/output/host/libexec/gcc/arm-buildroot-linux-gnueabi/8.4.0/:/home/bsodwtpc/myFiles/Proj/ePass/buildroot/output/host/libexec/gcc/arm-buildroot-linux-gnueabi/8.4.0/:/home/bsodwtpc/myFiles/Proj/ePass/buildroot/output/host/libexec/gcc/arm-buildroot-linux-gnueabi/:/home/bsodwtpc/myFiles/Proj/ePass/buildroot/output/host/lib/gcc/arm-buildroot-linux-gnueabi/8.4.0/:/home/bsodwtpc/myFiles/Proj/ePass/buildroot/output/host/lib/gcc/arm-buildroot-linux-gnueabi/:/home/bsodwtpc/myFiles/Proj/ePass/buildroot/output/host/lib/gcc/arm-buildroot-linux-gnueabi/8.4.0/../../../../arm-buildroot-linux-gnueabi/bin/]
  ignore line: [LIBRARY_PATH=/home/bsodwtpc/myFiles/Proj/ePass/buildroot/output/host/lib/gcc/arm-buildroot-linux-gnueabi/8.4.0/:/home/bsodwtpc/myFiles/Proj/ePass/buildroot/output/host/lib/gcc/arm-buildroot-linux-gnueabi/8.4.0/../../../../arm-buildroot-linux-gnueabi/lib/:/home/bsodwtpc/myFiles/Proj/ePass/buildroot/output/host/arm-buildroot-linux-gnueabi/sysroot/lib/:/home/bsodwtpc/myFiles/Proj/ePass/buildroot/output/host/arm-buildroot-linux-gnueabi/sysroot/usr/lib/]
  ignore line: [COLLECT_GCC_OPTIONS='-D' '_LARGEFILE_SOURCE' '-D' '_LARGEFILE64_SOURCE' '-D' '_FILE_OFFSET_BITS=64' '-Os' '-D' 'NDEBUG' '-v' '-o' 'cmTC_f333e' '-mcpu=arm926ej-s' '-mfloat-abi=soft' '-mabi=aapcs-linux' '-marm' '-mtls-dialect=gnu' '-march=armv5tej']
  link line: [ /home/bsodwtpc/myFiles/Proj/ePass/buildroot/output/host/libexec/gcc/arm-buildroot-linux-gnueabi/8.4.0/collect2 -plugin /home/bsodwtpc/myFiles/Proj/ePass/buildroot/output/host/libexec/gcc/arm-buildroot-linux-gnueabi/8.4.0/liblto_plugin.so -plugin-opt=/home/bsodwtpc/myFiles/Proj/ePass/buildroot/output/host/libexec/gcc/arm-buildroot-linux-gnueabi/8.4.0/lto-wrapper -plugin-opt=-fresolution=/tmp/ccRrvzzG.res -plugin-opt=-pass-through=-lgcc -plugin-opt=-pass-through=-lgcc_s -plugin-opt=-pass-through=-lc -plugin-opt=-pass-through=-lgcc -plugin-opt=-pass-through=-lgcc_s --sysroot=/home/bsodwtpc/myFiles/Proj/ePass/buildroot/output/host/arm-buildroot-linux-gnueabi/sysroot --eh-frame-hdr -dynamic-linker /lib/ld-linux.so.3 -X -m armelf_linux_eabi -o cmTC_f333e /home/bsodwtpc/myFiles/Proj/ePass/buildroot/output/host/arm-buildroot-linux-gnueabi/sysroot/usr/lib/crt1.o /home/bsodwtpc/myFiles/Proj/ePass/buildroot/output/host/arm-buildroot-linux-gnueabi/sysroot/usr/lib/crti.o /home/bsodwtpc/myFiles/Proj/ePass/buildroot/output/host/lib/gcc/arm-buildroot-linux-gnueabi/8.4.0/crtbegin.o -L/home/bsodwtpc/myFiles/Proj/ePass/buildroot/output/host/lib/gcc/arm-buildroot-linux-gnueabi/8.4.0 -L/home/bsodwtpc/myFiles/Proj/ePass/buildroot/output/host/lib/gcc/arm-buildroot-linux-gnueabi/8.4.0/../../../../arm-buildroot-linux-gnueabi/lib -L/home/bsodwtpc/myFiles/Proj/ePass/buildroot/output/host/arm-buildroot-linux-gnueabi/sysroot/lib -L/home/bsodwtpc/myFiles/Proj/ePass/buildroot/output/host/arm-buildroot-linux-gnueabi/sysroot/usr/lib CMakeFiles/cmTC_f333e.dir/CMakeCCompilerABI.c.o -lgcc --as-needed -lgcc_s --no-as-needed -lc -lgcc --as-needed -lgcc_s --no-as-needed /home/bsodwtpc/myFiles/Proj/ePass/buildroot/output/host/lib/gcc/arm-buildroot-linux-gnueabi/8.4.0/crtend.o /home/bsodwtpc/myFiles/Proj/ePass/buildroot/output/host/arm-buildroot-linux-gnueabi/sysroot/usr/lib/crtn.o]
    arg [/home/bsodwtpc/myFiles/Proj/ePass/buildroot/output/host/libexec/gcc/arm-buildroot-linux-gnueabi/8.4.0/collect2] ==> ignore
    arg [-plugin] ==> ignore
    arg [/home/bsodwtpc/myFiles/Proj/ePass/buildroot/output/host/libexec/gcc/arm-buildroot-linux-gnueabi/8.4.0/liblto_plugin.so] ==> ignore
    arg [-plugin-opt=/home/bsodwtpc/myFiles/Proj/ePass/buildroot/output/host/libexec/gcc/arm-buildroot-linux-gnueabi/8.4.0/lto-wrapper] ==> ignore
    arg [-plugin-opt=-fresolution=/tmp/ccRrvzzG.res] ==> ignore
    arg [-plugin-opt=-pass-through=-lgcc] ==> ignore
    arg [-plugin-opt=-pass-through=-lgcc_s] ==> ignore
    arg [-plugin-opt=-pass-through=-lc] ==> ignore
    arg [-plugin-opt=-pass-through=-lgcc] ==> ignore
    arg [-plugin-opt=-pass-through=-lgcc_s] ==> ignore
    arg [--sysroot=/home/bsodwtpc/myFiles/Proj/ePass/buildroot/output/host/arm-buildroot-linux-gnueabi/sysroot] ==> ignore
    arg [--eh-frame-hdr] ==> ignore
    arg [-dynamic-linker] ==> ignore
    arg [/lib/ld-linux.so.3] ==> ignore
    arg [-X] ==> ignore
    arg [-m] ==> ignore
    arg [armelf_linux_eabi] ==> ignore
    arg [-o] ==> ignore
    arg [cmTC_f333e] ==> ignore
    arg [/home/bsodwtpc/myFiles/Proj/ePass/buildroot/output/host/arm-buildroot-linux-gnueabi/sysroot/usr/lib/crt1.o] ==> ignore
    arg [/home/bsodwtpc/myFiles/Proj/ePass/buildroot/output/host/arm-buildroot-linux-gnueabi/sysroot/usr/lib/crti.o] ==> ignore
    arg [/home/bsodwtpc/myFiles/Proj/ePass/buildroot/output/host/lib/gcc/arm-buildroot-linux-gnueabi/8.4.0/crtbegin.o] ==> ignore
    arg [-L/home/bsodwtpc/myFiles/Proj/ePass/buildroot/output/host/lib/gcc/arm-buildroot-linux-gnueabi/8.4.0] ==> dir [/home/bsodwtpc/myFiles/Proj/ePass/buildroot/output/host/lib/gcc/arm-buildroot-linux-gnueabi/8.4.0]
    arg [-L/home/bsodwtpc/myFiles/Proj/ePass/buildroot/output/host/lib/gcc/arm-buildroot-linux-gnueabi/8.4.0/../../../../arm-buildroot-linux-gnueabi/lib] ==> dir [/home/bsodwtpc/myFiles/Proj/ePass/buildroot/output/host/lib/gcc/arm-buildroot-linux-gnueabi/8.4.0/../../../../arm-buildroot-linux-gnueabi/lib]
    arg [-L/home/bsodwtpc/myFiles/Proj/ePass/buildroot/output/host/arm-buildroot-linux-gnueabi/sysroot/lib] ==> dir [/home/bsodwtpc/myFiles/Proj/ePass/buildroot/output/host/arm-buildroot-linux-gnueabi/sysroot/lib]
    arg [-L/home/bsodwtpc/myFiles/Proj/ePass/buildroot/output/host/arm-buildroot-linux-gnueabi/sysroot/usr/lib] ==> dir [/home/bsodwtpc/myFiles/Proj/ePass/buildroot/output/host/arm-buildroot-linux-gnueabi/sysroot/usr/lib]
    arg [CMakeFiles/cmTC_f333e.dir/CMakeCCompilerABI.c.o] ==> ignore
    arg [-lgcc] ==> lib [gcc]
    arg [--as-needed] ==> ignore
    arg [-lgcc_s] ==> lib [gcc_s]
    arg [--no-as-needed] ==> ignore
    arg [-lc] ==> lib [c]
    arg [-lgcc] ==> lib [gcc]
    arg [--as-needed] ==> ignore
    arg [-lgcc_s] ==> lib [gcc_s]
    arg [--no-as-needed] ==> ignore
    arg [/home/bsodwtpc/myFiles/Proj/ePass/buildroot/output/host/lib/gcc/arm-buildroot-linux-gnueabi/8.4.0/crtend.o] ==> ignore
    arg [/home/bsodwtpc/myFiles/Proj/ePass/buildroot/output/host/arm-buildroot-linux-gnueabi/sysroot/usr/lib/crtn.o] ==> ignore
  collapse library dir [/home/bsodwtpc/myFiles/Proj/ePass/buildroot/output/host/lib/gcc/arm-buildroot-linux-gnueabi/8.4.0] ==> [/home/bsodwtpc/myFiles/Proj/ePass/buildroot/output/host/lib/gcc/arm-buildroot-linux-gnueabi/8.4.0]
  collapse library dir [/home/bsodwtpc/myFiles/Proj/ePass/buildroot/output/host/lib/gcc/arm-buildroot-linux-gnueabi/8.4.0/../../../../arm-buildroot-linux-gnueabi/lib] ==> [/home/bsodwtpc/myFiles/Proj/ePass/buildroot/output/host/arm-buildroot-linux-gnueabi/lib]
  collapse library dir [/home/bsodwtpc/myFiles/Proj/ePass/buildroot/output/host/arm-buildroot-linux-gnueabi/sysroot/lib] ==> [/home/bsodwtpc/myFiles/Proj/ePass/buildroot/output/host/arm-buildroot-linux-gnueabi/sysroot/lib]
  collapse library dir [/home/bsodwtpc/myFiles/Proj/ePass/buildroot/output/host/arm-buildroot-linux-gnueabi/sysroot/usr/lib] ==> [/home/bsodwtpc/myFiles/Proj/ePass/buildroot/output/host/arm-buildroot-linux-gnueabi/sysroot/usr/lib]
  implicit libs: [gcc;gcc_s;c;gcc;gcc_s]
  implicit dirs: [/home/bsodwtpc/myFiles/Proj/ePass/buildroot/output/host/lib/gcc/arm-buildroot-linux-gnueabi/8.4.0;/home/bsodwtpc/myFiles/Proj/ePass/buildroot/output/host/arm-buildroot-linux-gnueabi/lib;/home/bsodwtpc/myFiles/Proj/ePass/buildroot/output/host/arm-buildroot-linux-gnueabi/sysroot/lib;/home/bsodwtpc/myFiles/Proj/ePass/buildroot/output/host/arm-buildroot-linux-gnueabi/sysroot/usr/lib]
  implicit fwks: []


Determining if the CXX compiler works passed with the following output:
Change Dir: /home/bsodwtpc/myFiles/Proj/ePass/App/ipcController/CMakeFiles/CMakeTmp

Run Build Command(s):/usr/bin/gmake cmTC_51fab/fast && /usr/bin/gmake -f CMakeFiles/cmTC_51fab.dir/build.make CMakeFiles/cmTC_51fab.dir/build
gmake[1]: 进入目录“/home/bsodwtpc/myFiles/Proj/ePass/App/ipcController/CMakeFiles/CMakeTmp”
Building CXX object CMakeFiles/cmTC_51fab.dir/testCXXCompiler.cxx.o
/home/bsodwtpc/myFiles/Proj/ePass/buildroot/output/host/bin/arm-buildroot-linux-gnueabi-g++ --sysroot=/home/bsodwtpc/myFiles/Proj/ePass/buildroot/output/host/arm-buildroot-linux-gnueabi/sysroot    -D_LARGEFILE_SOURCE -D_LARGEFILE64_SOURCE -D_FILE_OFFSET_BITS=64 -Os   -DNDEBUG   -o CMakeFiles/cmTC_51fab.dir/testCXXCompiler.cxx.o -c /home/bsodwtpc/myFiles/Proj/ePass/App/ipcController/CMakeFiles/CMakeTmp/testCXXCompiler.cxx
Linking CXX executable cmTC_51fab
/home/bsodwtpc/myFiles/Proj/ePass/buildroot/output/host/bin/cmake -E cmake_link_script CMakeFiles/cmTC_51fab.dir/link.txt --verbose=1
/home/bsodwtpc/myFiles/Proj/ePass/buildroot/output/host/bin/arm-buildroot-linux-gnueabi-g++ --sysroot=/home/bsodwtpc/myFiles/Proj/ePass/buildroot/output/host/arm-buildroot-linux-gnueabi/sysroot  -D_LARGEFILE_SOURCE -D_LARGEFILE64_SOURCE -D_FILE_OFFSET_BITS=64 -Os   -DNDEBUG    CMakeFiles/cmTC_51fab.dir/testCXXCompiler.cxx.o  -o cmTC_51fab 
gmake[1]: 离开目录“/home/bsodwtpc/myFiles/Proj/ePass/App/ipcController/CMakeFiles/CMakeTmp”



Detecting CXX compiler ABI info compiled with the following output:
Change Dir: /home/bsodwtpc/myFiles/Proj/ePass/App/ipcController/CMakeFiles/CMakeTmp

Run Build Command(s):/usr/bin/gmake cmTC_6e452/fast && /usr/bin/gmake -f CMakeFiles/cmTC_6e452.dir/build.make CMakeFiles/cmTC_6e452.dir/build
gmake[1]: Entering directory '/home/bsodwtpc/myFiles/Proj/ePass/App/ipcController/CMakeFiles/CMakeTmp'
Building CXX object CMakeFiles/cmTC_6e452.dir/CMakeCXXCompilerABI.cpp.o
/home/bsodwtpc/myFiles/Proj/ePass/buildroot/output/host/bin/arm-buildroot-linux-gnueabi-g++ --sysroot=/home/bsodwtpc/myFiles/Proj/ePass/buildroot/output/host/arm-buildroot-linux-gnueabi/sysroot    -D_LARGEFILE_SOURCE -D_LARGEFILE64_SOURCE -D_FILE_OFFSET_BITS=64 -Os   -DNDEBUG   -v -o CMakeFiles/cmTC_6e452.dir/CMakeCXXCompilerABI.cpp.o -c /home/bsodwtpc/myFiles/Proj/ePass/buildroot/output/host/share/cmake-3.15/Modules/CMakeCXXCompilerABI.cpp
Using built-in specs.
COLLECT_GCC=/home/bsodwtpc/myFiles/Proj/ePass/buildroot/output/host/bin/arm-buildroot-linux-gnueabi-g++.br_real
Target: arm-buildroot-linux-gnueabi
Configured with: ./configure --prefix=/home/bsodwtpc/myFiles/Proj/ePass/buildroot/output/host --sysconfdir=/home/bsodwtpc/myFiles/Proj/ePass/buildroot/output/host/etc --enable-static --target=arm-buildroot-linux-gnueabi --with-sysroot=/home/bsodwtpc/myFiles/Proj/ePass/buildroot/output/host/arm-buildroot-linux-gnueabi/sysroot --enable-__cxa_atexit --with-gnu-ld --disable-libssp --disable-multilib --disable-decimal-float --with-gmp=/home/bsodwtpc/myFiles/Proj/ePass/buildroot/output/host --with-mpc=/home/bsodwtpc/myFiles/Proj/ePass/buildroot/output/host --with-mpfr=/home/bsodwtpc/myFiles/Proj/ePass/buildroot/output/host --with-pkgversion='Buildroot -g30ef62f' --with-bugurl=http://bugs.buildroot.net/ --disable-libquadmath --enable-tls --enable-plugins --enable-lto --enable-threads --without-isl --without-cloog --with-float=soft --with-abi=aapcs-linux --with-cpu=arm926ej-s --with-float=soft --with-mode=arm --enable-languages=c,c++ --with-build-time-tools=/home/bsodwtpc/myFiles/Proj/ePass/buildroot/output/host/arm-buildroot-linux-gnueabi/bin --enable-shared --disable-libgomp
Thread model: posix
gcc version 8.4.0 (Buildroot -g30ef62f) 
COLLECT_GCC_OPTIONS='-D' '_LARGEFILE_SOURCE' '-D' '_LARGEFILE64_SOURCE' '-D' '_FILE_OFFSET_BITS=64' '-Os' '-D' 'NDEBUG' '-v' '-o' 'CMakeFiles/cmTC_6e452.dir/CMakeCXXCompilerABI.cpp.o' '-c' '-shared-libgcc' '-mcpu=arm926ej-s' '-mfloat-abi=soft' '-mabi=aapcs-linux' '-marm' '-mtls-dialect=gnu' '-march=armv5tej'
 /home/bsodwtpc/myFiles/Proj/ePass/buildroot/output/host/libexec/gcc/arm-buildroot-linux-gnueabi/8.4.0/cc1plus -quiet -v -isysroot /home/bsodwtpc/myFiles/Proj/ePass/buildroot/output/host/arm-buildroot-linux-gnueabi/sysroot -D_GNU_SOURCE -D _LARGEFILE_SOURCE -D _LARGEFILE64_SOURCE -D _FILE_OFFSET_BITS=64 -D NDEBUG /home/bsodwtpc/myFiles/Proj/ePass/buildroot/output/host/share/cmake-3.15/Modules/CMakeCXXCompilerABI.cpp -quiet -dumpbase CMakeCXXCompilerABI.cpp -mcpu=arm926ej-s -mfloat-abi=soft -mabi=aapcs-linux -marm -mtls-dialect=gnu -march=armv5tej -auxbase-strip CMakeFiles/cmTC_6e452.dir/CMakeCXXCompilerABI.cpp.o -Os -version -o /tmp/ccd2gNSp.s
GNU C++14 (Buildroot -g30ef62f) version 8.4.0 (arm-buildroot-linux-gnueabi)
	compiled by GNU C version 13.3.0, GMP version 6.1.2, MPFR version 4.0.2, MPC version 1.1.0, isl version none
GGC heuristics: --param ggc-min-expand=100 --param ggc-min-heapsize=131072
ignoring nonexistent directory "/home/bsodwtpc/myFiles/Proj/ePass/buildroot/output/host/arm-buildroot-linux-gnueabi/sysroot/usr/local/include"
#include "..." search starts here:
#include <...> search starts here:
 /home/bsodwtpc/myFiles/Proj/ePass/buildroot/output/host/lib/gcc/arm-buildroot-linux-gnueabi/8.4.0/../../../../arm-buildroot-linux-gnueabi/include/c++/8.4.0
 /home/bsodwtpc/myFiles/Proj/ePass/buildroot/output/host/lib/gcc/arm-buildroot-linux-gnueabi/8.4.0/../../../../arm-buildroot-linux-gnueabi/include/c++/8.4.0/arm-buildroot-linux-gnueabi
 /home/bsodwtpc/myFiles/Proj/ePass/buildroot/output/host/lib/gcc/arm-buildroot-linux-gnueabi/8.4.0/../../../../arm-buildroot-linux-gnueabi/include/c++/8.4.0/backward
 /home/bsodwtpc/myFiles/Proj/ePass/buildroot/output/host/lib/gcc/arm-buildroot-linux-gnueabi/8.4.0/include
 /home/bsodwtpc/myFiles/Proj/ePass/buildroot/output/host/lib/gcc/arm-buildroot-linux-gnueabi/8.4.0/include-fixed
 /home/bsodwtpc/myFiles/Proj/ePass/buildroot/output/host/lib/gcc/arm-buildroot-linux-gnueabi/8.4.0/../../../../arm-buildroot-linux-gnueabi/include
 /home/bsodwtpc/myFiles/Proj/ePass/buildroot/output/host/arm-buildroot-linux-gnueabi/sysroot/usr/include
End of search list.
GNU C++14 (Buildroot -g30ef62f) version 8.4.0 (arm-buildroot-linux-gnueabi)
	compiled by GNU C version 13.3.0, GMP version 6.1.2, MPFR version 4.0.2, MPC version 1.1.0, isl version none
GGC heuristics: --param ggc-min-expand=100 --param ggc-min-heapsize=131072
Compiler executable checksum: c47c030d39760d1f84dd38bfd27b0a2d
COLLECT_GCC_OPTIONS='-D' '_LARGEFILE_SOURCE' '-D' '_LARGEFILE64_SOURCE' '-D' '_FILE_OFFSET_BITS=64' '-Os' '-D' 'NDEBUG' '-v' '-o' 'CMakeFiles/cmTC_6e452.dir/CMakeCXXCompilerABI.cpp.o' '-c' '-shared-libgcc' '-mcpu=arm926ej-s' '-mfloat-abi=soft' '-mabi=aapcs-linux' '-marm' '-mtls-dialect=gnu' '-march=armv5tej'
 /home/bsodwtpc/myFiles/Proj/ePass/buildroot/output/host/lib/gcc/arm-buildroot-linux-gnueabi/8.4.0/../../../../arm-buildroot-linux-gnueabi/bin/as -v -march=armv5tej -mfloat-abi=soft -meabi=5 -o CMakeFiles/cmTC_6e452.dir/CMakeCXXCompilerABI.cpp.o /tmp/ccd2gNSp.s
GNU assembler version 2.32 (arm-buildroot-linux-gnueabi) using BFD version (GNU Binutils) 2.32
COMPILER_PATH=/home/bsodwtpc/myFiles/Proj/ePass/buildroot/output/host/libexec/gcc/arm-buildroot-linux-gnueabi/8.4.0/:/home/bsodwtpc/myFiles/Proj/ePass/buildroot/output/host/libexec/gcc/arm-buildroot-linux-gnueabi/8.4.0/:/home/bsodwtpc/myFiles/Proj/ePass/buildroot/output/host/libexec/gcc/arm-buildroot-linux-gnueabi/:/home/bsodwtpc/myFiles/Proj/ePass/buildroot/output/host/lib/gcc/arm-buildroot-linux-gnueabi/8.4.0/:/home/bsodwtpc/myFiles/Proj/ePass/buildroot/output/host/lib/gcc/arm-buildroot-linux-gnueabi/:/home/bsodwtpc/myFiles/Proj/ePass/buildroot/output/host/lib/gcc/arm-buildroot-linux-gnueabi/8.4.0/../../../../arm-buildroot-linux-gnueabi/bin/
LIBRARY_PATH=/home/bsodwtpc/myFiles/Proj/ePass/buildroot/output/host/lib/gcc/arm-buildroot-linux-gnueabi/8.4.0/:/home/bsodwtpc/myFiles/Proj/ePass/buildroot/output/host/lib/gcc/arm-buildroot-linux-gnueabi/8.4.0/../../../../arm-buildroot-linux-gnueabi/lib/:/home/bsodwtpc/myFiles/Proj/ePass/buildroot/output/host/arm-buildroot-linux-gnueabi/sysroot/lib/:/home/bsodwtpc/myFiles/Proj/ePass/buildroot/output/host/arm-buildroot-linux-gnueabi/sysroot/usr/lib/
COLLECT_GCC_OPTIONS='-D' '_LARGEFILE_SOURCE' '-D' '_LARGEFILE64_SOURCE' '-D' '_FILE_OFFSET_BITS=64' '-Os' '-D' 'NDEBUG' '-v' '-o' 'CMakeFiles/cmTC_6e452.dir/CMakeCXXCompilerABI.cpp.o' '-c' '-shared-libgcc' '-mcpu=arm926ej-s' '-mfloat-abi=soft' '-mabi=aapcs-linux' '-marm' '-mtls-dialect=gnu' '-march=armv5tej'
Linking CXX executable cmTC_6e452
/home/bsodwtpc/myFiles/Proj/ePass/buildroot/output/host/bin/cmake -E cmake_link_script CMakeFiles/cmTC_6e452.dir/link.txt --verbose=1
/home/bsodwtpc/myFiles/Proj/ePass/buildroot/output/host/bin/arm-buildroot-linux-gnueabi-g++ --sysroot=/home/bsodwtpc/myFiles/Proj/ePass/buildroot/output/host/arm-buildroot-linux-gnueabi/sysroot  -D_LARGEFILE_SOURCE -D_LARGEFILE64_SOURCE -D_FILE_OFFSET_BITS=64 -Os   -DNDEBUG   -v CMakeFiles/cmTC_6e452.dir/CMakeCXXCompilerABI.cpp.o  -o cmTC_6e452 
Using built-in specs.
COLLECT_GCC=/home/bsodwtpc/myFiles/Proj/ePass/buildroot/output/host/bin/arm-buildroot-linux-gnueabi-g++.br_real
COLLECT_LTO_WRAPPER=/home/bsodwtpc/myFiles/Proj/ePass/buildroot/output/host/libexec/gcc/arm-buildroot-linux-gnueabi/8.4.0/lto-wrapper
Target: arm-buildroot-linux-gnueabi
Configured with: ./configure --prefix=/home/bsodwtpc/myFiles/Proj/ePass/buildroot/output/host --sysconfdir=/home/bsodwtpc/myFiles/Proj/ePass/buildroot/output/host/etc --enable-static --target=arm-buildroot-linux-gnueabi --with-sysroot=/home/bsodwtpc/myFiles/Proj/ePass/buildroot/output/host/arm-buildroot-linux-gnueabi/sysroot --enable-__cxa_atexit --with-gnu-ld --disable-libssp --disable-multilib --disable-decimal-float --with-gmp=/home/bsodwtpc/myFiles/Proj/ePass/buildroot/output/host --with-mpc=/home/bsodwtpc/myFiles/Proj/ePass/buildroot/output/host --with-mpfr=/home/bsodwtpc/myFiles/Proj/ePass/buildroot/output/host --with-pkgversion='Buildroot -g30ef62f' --with-bugurl=http://bugs.buildroot.net/ --disable-libquadmath --enable-tls --enable-plugins --enable-lto --enable-threads --without-isl --without-cloog --with-float=soft --with-abi=aapcs-linux --with-cpu=arm926ej-s --with-float=soft --with-mode=arm --enable-languages=c,c++ --with-build-time-tools=/home/bsodwtpc/myFiles/Proj/ePass/buildroot/output/host/arm-buildroot-linux-gnueabi/bin --enable-shared --disable-libgomp
Thread model: posix
gcc version 8.4.0 (Buildroot -g30ef62f) 
COMPILER_PATH=/home/bsodwtpc/myFiles/Proj/ePass/buildroot/output/host/libexec/gcc/arm-buildroot-linux-gnueabi/8.4.0/:/home/bsodwtpc/myFiles/Proj/ePass/buildroot/output/host/libexec/gcc/arm-buildroot-linux-gnueabi/8.4.0/:/home/bsodwtpc/myFiles/Proj/ePass/buildroot/output/host/libexec/gcc/arm-buildroot-linux-gnueabi/:/home/bsodwtpc/myFiles/Proj/ePass/buildroot/output/host/lib/gcc/arm-buildroot-linux-gnueabi/8.4.0/:/home/bsodwtpc/myFiles/Proj/ePass/buildroot/output/host/lib/gcc/arm-buildroot-linux-gnueabi/:/home/bsodwtpc/myFiles/Proj/ePass/buildroot/output/host/lib/gcc/arm-buildroot-linux-gnueabi/8.4.0/../../../../arm-buildroot-linux-gnueabi/bin/
LIBRARY_PATH=/home/bsodwtpc/myFiles/Proj/ePass/buildroot/output/host/lib/gcc/arm-buildroot-linux-gnueabi/8.4.0/:/home/bsodwtpc/myFiles/Proj/ePass/buildroot/output/host/lib/gcc/arm-buildroot-linux-gnueabi/8.4.0/../../../../arm-buildroot-linux-gnueabi/lib/:/home/bsodwtpc/myFiles/Proj/ePass/buildroot/output/host/arm-buildroot-linux-gnueabi/sysroot/lib/:/home/bsodwtpc/myFiles/Proj/ePass/buildroot/output/host/arm-buildroot-linux-gnueabi/sysroot/usr/lib/
COLLECT_GCC_OPTIONS='-D' '_LARGEFILE_SOURCE' '-D' '_LARGEFILE64_SOURCE' '-D' '_FILE_OFFSET_BITS=64' '-Os' '-D' 'NDEBUG' '-v' '-o' 'cmTC_6e452' '-shared-libgcc' '-mcpu=arm926ej-s' '-mfloat-abi=soft' '-mabi=aapcs-linux' '-marm' '-mtls-dialect=gnu' '-march=armv5tej'
 /home/bsodwtpc/myFiles/Proj/ePass/buildroot/output/host/libexec/gcc/arm-buildroot-linux-gnueabi/8.4.0/collect2 -plugin /home/bsodwtpc/myFiles/Proj/ePass/buildroot/output/host/libexec/gcc/arm-buildroot-linux-gnueabi/8.4.0/liblto_plugin.so -plugin-opt=/home/bsodwtpc/myFiles/Proj/ePass/buildroot/output/host/libexec/gcc/arm-buildroot-linux-gnueabi/8.4.0/lto-wrapper -plugin-opt=-fresolution=/tmp/ccnjYvoq.res -plugin-opt=-pass-through=-lgcc_s -plugin-opt=-pass-through=-lgcc -plugin-opt=-pass-through=-lc -plugin-opt=-pass-through=-lgcc_s -plugin-opt=-pass-through=-lgcc --sysroot=/home/bsodwtpc/myFiles/Proj/ePass/buildroot/output/host/arm-buildroot-linux-gnueabi/sysroot --eh-frame-hdr -dynamic-linker /lib/ld-linux.so.3 -X -m armelf_linux_eabi -o cmTC_6e452 /home/bsodwtpc/myFiles/Proj/ePass/buildroot/output/host/arm-buildroot-linux-gnueabi/sysroot/usr/lib/crt1.o /home/bsodwtpc/myFiles/Proj/ePass/buildroot/output/host/arm-buildroot-linux-gnueabi/sysroot/usr/lib/crti.o /home/bsodwtpc/myFiles/Proj/ePass/buildroot/output/host/lib/gcc/arm-buildroot-linux-gnueabi/8.4.0/crtbegin.o -L/home/bsodwtpc/myFiles/Proj/ePass/buildroot/output/host/lib/gcc/arm-buildroot-linux-gnueabi/8.4.0 -L/home/bsodwtpc/myFiles/Proj/ePass/buildroot/output/host/lib/gcc/arm-buildroot-linux-gnueabi/8.4.0/../../../../arm-buildroot-linux-gnueabi/lib -L/home/bsodwtpc/myFiles/Proj/ePass/buildroot/output/host/arm-buildroot-linux-gnueabi/sysroot/lib -L/home/bsodwtpc/myFiles/Proj/ePass/buildroot/output/host/arm-buildroot-linux-gnueabi/sysroot/usr/lib CMakeFiles/cmTC_6e452.dir/CMakeCXXCompilerABI.cpp.o -lstdc++ -lm -lgcc_s -lgcc -lc -lgcc_s -lgcc /home/bsodwtpc/myFiles/Proj/ePass/buildroot/output/host/lib/gcc/arm-buildroot-linux-gnueabi/8.4.0/crtend.o /home/bsodwtpc/myFiles/Proj/ePass/buildroot/output/host/arm-buildroot-linux-gnueabi/sysroot/usr/lib/crtn.o
COLLECT_GCC_OPTIONS='-D' '_LARGEFILE_SOURCE' '-D' '_LARGEFILE64_SOURCE' '-D' '_FILE_OFFSET_BITS=64' '-Os' '-D' 'NDEBUG' '-v' '-o' 'cmTC_6e452' '-shared-libgcc' '-mcpu=arm926ej-s' '-mfloat-abi=soft' '-mabi=aapcs-linux' '-marm' '-mtls-dialect=gnu' '-march=armv5tej'
gmake[1]: Leaving directory '/home/bsodwtpc/myFiles/Proj/ePass/App/ipcController/CMakeFiles/CMakeTmp'



Parsed CXX implicit include dir info from above output: rv=done
  found start of include info
  found start of implicit include info
    add: [/home/bsodwtpc/myFiles/Proj/ePass/buildroot/output/host/lib/gcc/arm-buildroot-linux-gnueabi/8.4.0/../../../../arm-buildroot-linux-gnueabi/include/c++/8.4.0]
    add: [/home/bsodwtpc/myFiles/Proj/ePass/buildroot/output/host/lib/gcc/arm-buildroot-linux-gnueabi/8.4.0/../../../../arm-buildroot-linux-gnueabi/include/c++/8.4.0/arm-buildroot-linux-gnueabi]
    add: [/home/bsodwtpc/myFiles/Proj/ePass/buildroot/output/host/lib/gcc/arm-buildroot-linux-gnueabi/8.4.0/../../../../arm-buildroot-linux-gnueabi/include/c++/8.4.0/backward]
    add: [/home/bsodwtpc/myFiles/Proj/ePass/buildroot/output/host/lib/gcc/arm-buildroot-linux-gnueabi/8.4.0/include]
    add: [/home/bsodwtpc/myFiles/Proj/ePass/buildroot/output/host/lib/gcc/arm-buildroot-linux-gnueabi/8.4.0/include-fixed]
    add: [/home/bsodwtpc/myFiles/Proj/ePass/buildroot/output/host/lib/gcc/arm-buildroot-linux-gnueabi/8.4.0/../../../../arm-buildroot-linux-gnueabi/include]
    add: [/home/bsodwtpc/myFiles/Proj/ePass/buildroot/output/host/arm-buildroot-linux-gnueabi/sysroot/usr/include]
  end of search list found
  collapse include dir [/home/bsodwtpc/myFiles/Proj/ePass/buildroot/output/host/lib/gcc/arm-buildroot-linux-gnueabi/8.4.0/../../../../arm-buildroot-linux-gnueabi/include/c++/8.4.0] ==> [/home/bsodwtpc/myFiles/Proj/ePass/buildroot/output/host/arm-buildroot-linux-gnueabi/include/c++/8.4.0]
  collapse include dir [/home/bsodwtpc/myFiles/Proj/ePass/buildroot/output/host/lib/gcc/arm-buildroot-linux-gnueabi/8.4.0/../../../../arm-buildroot-linux-gnueabi/include/c++/8.4.0/arm-buildroot-linux-gnueabi] ==> [/home/bsodwtpc/myFiles/Proj/ePass/buildroot/output/host/arm-buildroot-linux-gnueabi/include/c++/8.4.0/arm-buildroot-linux-gnueabi]
  collapse include dir [/home/bsodwtpc/myFiles/Proj/ePass/buildroot/output/host/lib/gcc/arm-buildroot-linux-gnueabi/8.4.0/../../../../arm-buildroot-linux-gnueabi/include/c++/8.4.0/backward] ==> [/home/bsodwtpc/myFiles/Proj/ePass/buildroot/output/host/arm-buildroot-linux-gnueabi/include/c++/8.4.0/backward]
  collapse include dir [/home/bsodwtpc/myFiles/Proj/ePass/buildroot/output/host/lib/gcc/arm-buildroot-linux-gnueabi/8.4.0/include] ==> [/home/bsodwtpc/myFiles/Proj/ePass/buildroot/output/host/lib/gcc/arm-buildroot-linux-gnueabi/8.4.0/include]
  collapse include dir [/home/bsodwtpc/myFiles/Proj/ePass/buildroot/output/host/lib/gcc/arm-buildroot-linux-gnueabi/8.4.0/include-fixed] ==> [/home/bsodwtpc/myFiles/Proj/ePass/buildroot/output/host/lib/gcc/arm-buildroot-linux-gnueabi/8.4.0/include-fixed]
  collapse include dir [/home/bsodwtpc/myFiles/Proj/ePass/buildroot/output/host/lib/gcc/arm-buildroot-linux-gnueabi/8.4.0/../../../../arm-buildroot-linux-gnueabi/include] ==> [/home/bsodwtpc/myFiles/Proj/ePass/buildroot/output/host/arm-buildroot-linux-gnueabi/include]
  collapse include dir [/home/bsodwtpc/myFiles/Proj/ePass/buildroot/output/host/arm-buildroot-linux-gnueabi/sysroot/usr/include] ==> [/home/bsodwtpc/myFiles/Proj/ePass/buildroot/output/host/arm-buildroot-linux-gnueabi/sysroot/usr/include]
  implicit include dirs: [/home/bsodwtpc/myFiles/Proj/ePass/buildroot/output/host/arm-buildroot-linux-gnueabi/include/c++/8.4.0;/home/bsodwtpc/myFiles/Proj/ePass/buildroot/output/host/arm-buildroot-linux-gnueabi/include/c++/8.4.0/arm-buildroot-linux-gnueabi;/home/bsodwtpc/myFiles/Proj/ePass/buildroot/output/host/arm-buildroot-linux-gnueabi/include/c++/8.4.0/backward;/home/bsodwtpc/myFiles/Proj/ePass/buildroot/output/host/lib/gcc/arm-buildroot-linux-gnueabi/8.4.0/include;/home/bsodwtpc/myFiles/Proj/ePass/buildroot/output/host/lib/gcc/arm-buildroot-linux-gnueabi/8.4.0/include-fixed;/home/bsodwtpc/myFiles/Proj/ePass/buildroot/output/host/arm-buildroot-linux-gnueabi/include;/home/bsodwtpc/myFiles/Proj/ePass/buildroot/output/host/arm-buildroot-linux-gnueabi/sysroot/usr/include]


Parsed CXX implicit link information from above output:
  link line regex: [^( *|.*[/\])(arm-buildroot-linux-gnueabi-ld|CMAKE_LINK_STARTFILE-NOTFOUND|([^/\]+-)?ld|collect2)[^/\]*( |$)]
  ignore line: [Change Dir: /home/bsodwtpc/myFiles/Proj/ePass/App/ipcController/CMakeFiles/CMakeTmp]
  ignore line: []
  ignore line: [Run Build Command(s):/usr/bin/gmake cmTC_6e452/fast && /usr/bin/gmake -f CMakeFiles/cmTC_6e452.dir/build.make CMakeFiles/cmTC_6e452.dir/build]
  ignore line: [gmake[1]: Entering directory '/home/bsodwtpc/myFiles/Proj/ePass/App/ipcController/CMakeFiles/CMakeTmp']
  ignore line: [Building CXX object CMakeFiles/cmTC_6e452.dir/CMakeCXXCompilerABI.cpp.o]
  ignore line: [/home/bsodwtpc/myFiles/Proj/ePass/buildroot/output/host/bin/arm-buildroot-linux-gnueabi-g++ --sysroot=/home/bsodwtpc/myFiles/Proj/ePass/buildroot/output/host/arm-buildroot-linux-gnueabi/sysroot    -D_LARGEFILE_SOURCE -D_LARGEFILE64_SOURCE -D_FILE_OFFSET_BITS=64 -Os   -DNDEBUG   -v -o CMakeFiles/cmTC_6e452.dir/CMakeCXXCompilerABI.cpp.o -c /home/bsodwtpc/myFiles/Proj/ePass/buildroot/output/host/share/cmake-3.15/Modules/CMakeCXXCompilerABI.cpp]
  ignore line: [Using built-in specs.]
  ignore line: [COLLECT_GCC=/home/bsodwtpc/myFiles/Proj/ePass/buildroot/output/host/bin/arm-buildroot-linux-gnueabi-g++.br_real]
  ignore line: [Target: arm-buildroot-linux-gnueabi]
  ignore line: [Configured with: ./configure --prefix=/home/bsodwtpc/myFiles/Proj/ePass/buildroot/output/host --sysconfdir=/home/bsodwtpc/myFiles/Proj/ePass/buildroot/output/host/etc --enable-static --target=arm-buildroot-linux-gnueabi --with-sysroot=/home/bsodwtpc/myFiles/Proj/ePass/buildroot/output/host/arm-buildroot-linux-gnueabi/sysroot --enable-__cxa_atexit --with-gnu-ld --disable-libssp --disable-multilib --disable-decimal-float --with-gmp=/home/bsodwtpc/myFiles/Proj/ePass/buildroot/output/host --with-mpc=/home/bsodwtpc/myFiles/Proj/ePass/buildroot/output/host --with-mpfr=/home/bsodwtpc/myFiles/Proj/ePass/buildroot/output/host --with-pkgversion='Buildroot -g30ef62f' --with-bugurl=http://bugs.buildroot.net/ --disable-libquadmath --enable-tls --enable-plugins --enable-lto --enable-threads --without-isl --without-cloog --with-float=soft --with-abi=aapcs-linux --with-cpu=arm926ej-s --with-float=soft --with-mode=arm --enable-languages=c,c++ --with-build-time-tools=/home/bsodwtpc/myFiles/Proj/ePass/buildroot/output/host/arm-buildroot-linux-gnueabi/bin --enable-shared --disable-libgomp]
  ignore line: [Thread model: posix]
  ignore line: [gcc version 8.4.0 (Buildroot -g30ef62f) ]
  ignore line: [COLLECT_GCC_OPTIONS='-D' '_LARGEFILE_SOURCE' '-D' '_LARGEFILE64_SOURCE' '-D' '_FILE_OFFSET_BITS=64' '-Os' '-D' 'NDEBUG' '-v' '-o' 'CMakeFiles/cmTC_6e452.dir/CMakeCXXCompilerABI.cpp.o' '-c' '-shared-libgcc' '-mcpu=arm926ej-s' '-mfloat-abi=soft' '-mabi=aapcs-linux' '-marm' '-mtls-dialect=gnu' '-march=armv5tej']
  ignore line: [ /home/bsodwtpc/myFiles/Proj/ePass/buildroot/output/host/libexec/gcc/arm-buildroot-linux-gnueabi/8.4.0/cc1plus -quiet -v -isysroot /home/bsodwtpc/myFiles/Proj/ePass/buildroot/output/host/arm-buildroot-linux-gnueabi/sysroot -D_GNU_SOURCE -D _LARGEFILE_SOURCE -D _LARGEFILE64_SOURCE -D _FILE_OFFSET_BITS=64 -D NDEBUG /home/bsodwtpc/myFiles/Proj/ePass/buildroot/output/host/share/cmake-3.15/Modules/CMakeCXXCompilerABI.cpp -quiet -dumpbase CMakeCXXCompilerABI.cpp -mcpu=arm926ej-s -mfloat-abi=soft -mabi=aapcs-linux -marm -mtls-dialect=gnu -march=armv5tej -auxbase-strip CMakeFiles/cmTC_6e452.dir/CMakeCXXCompilerABI.cpp.o -Os -version -o /tmp/ccd2gNSp.s]
  ignore line: [GNU C++14 (Buildroot -g30ef62f) version 8.4.0 (arm-buildroot-linux-gnueabi)]
  ignore line: [	compiled by GNU C version 13.3.0, GMP version 6.1.2, MPFR version 4.0.2, MPC version 1.1.0, isl version none]
  ignore line: [GGC heuristics: --param ggc-min-expand=100 --param ggc-min-heapsize=131072]
  ignore line: [ignoring nonexistent directory "/home/bsodwtpc/myFiles/Proj/ePass/buildroot/output/host/arm-buildroot-linux-gnueabi/sysroot/usr/local/include"]
  ignore line: [#include "..." search starts here:]
  ignore line: [#include <...> search starts here:]
  ignore line: [ /home/bsodwtpc/myFiles/Proj/ePass/buildroot/output/host/lib/gcc/arm-buildroot-linux-gnueabi/8.4.0/../../../../arm-buildroot-linux-gnueabi/include/c++/8.4.0]
  ignore line: [ /home/bsodwtpc/myFiles/Proj/ePass/buildroot/output/host/lib/gcc/arm-buildroot-linux-gnueabi/8.4.0/../../../../arm-buildroot-linux-gnueabi/include/c++/8.4.0/arm-buildroot-linux-gnueabi]
  ignore line: [ /home/bsodwtpc/myFiles/Proj/ePass/buildroot/output/host/lib/gcc/arm-buildroot-linux-gnueabi/8.4.0/../../../../arm-buildroot-linux-gnueabi/include/c++/8.4.0/backward]
  ignore line: [ /home/bsodwtpc/myFiles/Proj/ePass/buildroot/output/host/lib/gcc/arm-buildroot-linux-gnueabi/8.4.0/include]
  ignore line: [ /home/bsodwtpc/myFiles/Proj/ePass/buildroot/output/host/lib/gcc/arm-buildroot-linux-gnueabi/8.4.0/include-fixed]
  ignore line: [ /home/bsodwtpc/myFiles/Proj/ePass/buildroot/output/host/lib/gcc/arm-buildroot-linux-gnueabi/8.4.0/../../../../arm-buildroot-linux-gnueabi/include]
  ignore line: [ /home/bsodwtpc/myFiles/Proj/ePass/buildroot/output/host/arm-buildroot-linux-gnueabi/sysroot/usr/include]
  ignore line: [End of search list.]
  ignore line: [GNU C++14 (Buildroot -g30ef62f) version 8.4.0 (arm-buildroot-linux-gnueabi)]
  ignore line: [	compiled by GNU C version 13.3.0, GMP version 6.1.2, MPFR version 4.0.2, MPC version 1.1.0, isl version none]
  ignore line: [GGC heuristics: --param ggc-min-expand=100 --param ggc-min-heapsize=131072]
  ignore line: [Compiler executable checksum: c47c030d39760d1f84dd38bfd27b0a2d]
  ignore line: [COLLECT_GCC_OPTIONS='-D' '_LARGEFILE_SOURCE' '-D' '_LARGEFILE64_SOURCE' '-D' '_FILE_OFFSET_BITS=64' '-Os' '-D' 'NDEBUG' '-v' '-o' 'CMakeFiles/cmTC_6e452.dir/CMakeCXXCompilerABI.cpp.o' '-c' '-shared-libgcc' '-mcpu=arm926ej-s' '-mfloat-abi=soft' '-mabi=aapcs-linux' '-marm' '-mtls-dialect=gnu' '-march=armv5tej']
  ignore line: [ /home/bsodwtpc/myFiles/Proj/ePass/buildroot/output/host/lib/gcc/arm-buildroot-linux-gnueabi/8.4.0/../../../../arm-buildroot-linux-gnueabi/bin/as -v -march=armv5tej -mfloat-abi=soft -meabi=5 -o CMakeFiles/cmTC_6e452.dir/CMakeCXXCompilerABI.cpp.o /tmp/ccd2gNSp.s]
  ignore line: [GNU assembler version 2.32 (arm-buildroot-linux-gnueabi) using BFD version (GNU Binutils) 2.32]
  ignore line: [COMPILER_PATH=/home/bsodwtpc/myFiles/Proj/ePass/buildroot/output/host/libexec/gcc/arm-buildroot-linux-gnueabi/8.4.0/:/home/bsodwtpc/myFiles/Proj/ePass/buildroot/output/host/libexec/gcc/arm-buildroot-linux-gnueabi/8.4.0/:/home/bsodwtpc/myFiles/Proj/ePass/buildroot/output/host/libexec/gcc/arm-buildroot-linux-gnueabi/:/home/bsodwtpc/myFiles/Proj/ePass/buildroot/output/host/lib/gcc/arm-buildroot-linux-gnueabi/8.4.0/:/home/bsodwtpc/myFiles/Proj/ePass/buildroot/output/host/lib/gcc/arm-buildroot-linux-gnueabi/:/home/bsodwtpc/myFiles/Proj/ePass/buildroot/output/host/lib/gcc/arm-buildroot-linux-gnueabi/8.4.0/../../../../arm-buildroot-linux-gnueabi/bin/]
  ignore line: [LIBRARY_PATH=/home/bsodwtpc/myFiles/Proj/ePass/buildroot/output/host/lib/gcc/arm-buildroot-linux-gnueabi/8.4.0/:/home/bsodwtpc/myFiles/Proj/ePass/buildroot/output/host/lib/gcc/arm-buildroot-linux-gnueabi/8.4.0/../../../../arm-buildroot-linux-gnueabi/lib/:/home/bsodwtpc/myFiles/Proj/ePass/buildroot/output/host/arm-buildroot-linux-gnueabi/sysroot/lib/:/home/bsodwtpc/myFiles/Proj/ePass/buildroot/output/host/arm-buildroot-linux-gnueabi/sysroot/usr/lib/]
  ignore line: [COLLECT_GCC_OPTIONS='-D' '_LARGEFILE_SOURCE' '-D' '_LARGEFILE64_SOURCE' '-D' '_FILE_OFFSET_BITS=64' '-Os' '-D' 'NDEBUG' '-v' '-o' 'CMakeFiles/cmTC_6e452.dir/CMakeCXXCompilerABI.cpp.o' '-c' '-shared-libgcc' '-mcpu=arm926ej-s' '-mfloat-abi=soft' '-mabi=aapcs-linux' '-marm' '-mtls-dialect=gnu' '-march=armv5tej']
  ignore line: [Linking CXX executable cmTC_6e452]
  ignore line: [/home/bsodwtpc/myFiles/Proj/ePass/buildroot/output/host/bin/cmake -E cmake_link_script CMakeFiles/cmTC_6e452.dir/link.txt --verbose=1]
  ignore line: [/home/bsodwtpc/myFiles/Proj/ePass/buildroot/output/host/bin/arm-buildroot-linux-gnueabi-g++ --sysroot=/home/bsodwtpc/myFiles/Proj/ePass/buildroot/output/host/arm-buildroot-linux-gnueabi/sysroot  -D_LARGEFILE_SOURCE -D_LARGEFILE64_SOURCE -D_FILE_OFFSET_BITS=64 -Os   -DNDEBUG   -v CMakeFiles/cmTC_6e452.dir/CMakeCXXCompilerABI.cpp.o  -o cmTC_6e452 ]
  ignore line: [Using built-in specs.]
  ignore line: [COLLECT_GCC=/home/bsodwtpc/myFiles/Proj/ePass/buildroot/output/host/bin/arm-buildroot-linux-gnueabi-g++.br_real]
  ignore line: [COLLECT_LTO_WRAPPER=/home/bsodwtpc/myFiles/Proj/ePass/buildroot/output/host/libexec/gcc/arm-buildroot-linux-gnueabi/8.4.0/lto-wrapper]
  ignore line: [Target: arm-buildroot-linux-gnueabi]
  ignore line: [Configured with: ./configure --prefix=/home/bsodwtpc/myFiles/Proj/ePass/buildroot/output/host --sysconfdir=/home/bsodwtpc/myFiles/Proj/ePass/buildroot/output/host/etc --enable-static --target=arm-buildroot-linux-gnueabi --with-sysroot=/home/bsodwtpc/myFiles/Proj/ePass/buildroot/output/host/arm-buildroot-linux-gnueabi/sysroot --enable-__cxa_atexit --with-gnu-ld --disable-libssp --disable-multilib --disable-decimal-float --with-gmp=/home/bsodwtpc/myFiles/Proj/ePass/buildroot/output/host --with-mpc=/home/bsodwtpc/myFiles/Proj/ePass/buildroot/output/host --with-mpfr=/home/bsodwtpc/myFiles/Proj/ePass/buildroot/output/host --with-pkgversion='Buildroot -g30ef62f' --with-bugurl=http://bugs.buildroot.net/ --disable-libquadmath --enable-tls --enable-plugins --enable-lto --enable-threads --without-isl --without-cloog --with-float=soft --with-abi=aapcs-linux --with-cpu=arm926ej-s --with-float=soft --with-mode=arm --enable-languages=c,c++ --with-build-time-tools=/home/bsodwtpc/myFiles/Proj/ePass/buildroot/output/host/arm-buildroot-linux-gnueabi/bin --enable-shared --disable-libgomp]
  ignore line: [Thread model: posix]
  ignore line: [gcc version 8.4.0 (Buildroot -g30ef62f) ]
  ignore line: [COMPILER_PATH=/home/bsodwtpc/myFiles/Proj/ePass/buildroot/output/host/libexec/gcc/arm-buildroot-linux-gnueabi/8.4.0/:/home/bsodwtpc/myFiles/Proj/ePass/buildroot/output/host/libexec/gcc/arm-buildroot-linux-gnueabi/8.4.0/:/home/bsodwtpc/myFiles/Proj/ePass/buildroot/output/host/libexec/gcc/arm-buildroot-linux-gnueabi/:/home/bsodwtpc/myFiles/Proj/ePass/buildroot/output/host/lib/gcc/arm-buildroot-linux-gnueabi/8.4.0/:/home/bsodwtpc/myFiles/Proj/ePass/buildroot/output/host/lib/gcc/arm-buildroot-linux-gnueabi/:/home/bsodwtpc/myFiles/Proj/ePass/buildroot/output/host/lib/gcc/arm-buildroot-linux-gnueabi/8.4.0/../../../../arm-buildroot-linux-gnueabi/bin/]
  ignore line: [LIBRARY_PATH=/home/bsodwtpc/myFiles/Proj/ePass/buildroot/output/host/lib/gcc/arm-buildroot-linux-gnueabi/8.4.0/:/home/bsodwtpc/myFiles/Proj/ePass/buildroot/output/host/lib/gcc/arm-buildroot-linux-gnueabi/8.4.0/../../../../arm-buildroot-linux-gnueabi/lib/:/home/bsodwtpc/myFiles/Proj/ePass/buildroot/output/host/arm-buildroot-linux-gnueabi/sysroot/lib/:/home/bsodwtpc/myFiles/Proj/ePass/buildroot/output/host/arm-buildroot-linux-gnueabi/sysroot/usr/lib/]
  ignore line: [COLLECT_GCC_OPTIONS='-D' '_LARGEFILE_SOURCE' '-D' '_LARGEFILE64_SOURCE' '-D' '_FILE_OFFSET_BITS=64' '-Os' '-D' 'NDEBUG' '-v' '-o' 'cmTC_6e452' '-shared-libgcc' '-mcpu=arm926ej-s' '-mfloat-abi=soft' '-mabi=aapcs-linux' '-marm' '-mtls-dialect=gnu' '-march=armv5tej']
  link line: [ /home/bsodwtpc/myFiles/Proj/ePass/buildroot/output/host/libexec/gcc/arm-buildroot-linux-gnueabi/8.4.0/collect2 -plugin /home/bsodwtpc/myFiles/Proj/ePass/buildroot/output/host/libexec/gcc/arm-buildroot-linux-gnueabi/8.4.0/liblto_plugin.so -plugin-opt=/home/bsodwtpc/myFiles/Proj/ePass/buildroot/output/host/libexec/gcc/arm-buildroot-linux-gnueabi/8.4.0/lto-wrapper -plugin-opt=-fresolution=/tmp/ccnjYvoq.res -plugin-opt=-pass-through=-lgcc_s -plugin-opt=-pass-through=-lgcc -plugin-opt=-pass-through=-lc -plugin-opt=-pass-through=-lgcc_s -plugin-opt=-pass-through=-lgcc --sysroot=/home/bsodwtpc/myFiles/Proj/ePass/buildroot/output/host/arm-buildroot-linux-gnueabi/sysroot --eh-frame-hdr -dynamic-linker /lib/ld-linux.so.3 -X -m armelf_linux_eabi -o cmTC_6e452 /home/bsodwtpc/myFiles/Proj/ePass/buildroot/output/host/arm-buildroot-linux-gnueabi/sysroot/usr/lib/crt1.o /home/bsodwtpc/myFiles/Proj/ePass/buildroot/output/host/arm-buildroot-linux-gnueabi/sysroot/usr/lib/crti.o /home/bsodwtpc/myFiles/Proj/ePass/buildroot/output/host/lib/gcc/arm-buildroot-linux-gnueabi/8.4.0/crtbegin.o -L/home/bsodwtpc/myFiles/Proj/ePass/buildroot/output/host/lib/gcc/arm-buildroot-linux-gnueabi/8.4.0 -L/home/bsodwtpc/myFiles/Proj/ePass/buildroot/output/host/lib/gcc/arm-buildroot-linux-gnueabi/8.4.0/../../../../arm-buildroot-linux-gnueabi/lib -L/home/bsodwtpc/myFiles/Proj/ePass/buildroot/output/host/arm-buildroot-linux-gnueabi/sysroot/lib -L/home/bsodwtpc/myFiles/Proj/ePass/buildroot/output/host/arm-buildroot-linux-gnueabi/sysroot/usr/lib CMakeFiles/cmTC_6e452.dir/CMakeCXXCompilerABI.cpp.o -lstdc++ -lm -lgcc_s -lgcc -lc -lgcc_s -lgcc /home/bsodwtpc/myFiles/Proj/ePass/buildroot/output/host/lib/gcc/arm-buildroot-linux-gnueabi/8.4.0/crtend.o /home/bsodwtpc/myFiles/Proj/ePass/buildroot/output/host/arm-buildroot-linux-gnueabi/sysroot/usr/lib/crtn.o]
    arg [/home/bsodwtpc/myFiles/Proj/ePass/buildroot/output/host/libexec/gcc/arm-buildroot-linux-gnueabi/8.4.0/collect2] ==> ignore
    arg [-plugin] ==> ignore
    arg [/home/bsodwtpc/myFiles/Proj/ePass/buildroot/output/host/libexec/gcc/arm-buildroot-linux-gnueabi/8.4.0/liblto_plugin.so] ==> ignore
    arg [-plugin-opt=/home/bsodwtpc/myFiles/Proj/ePass/buildroot/output/host/libexec/gcc/arm-buildroot-linux-gnueabi/8.4.0/lto-wrapper] ==> ignore
    arg [-plugin-opt=-fresolution=/tmp/ccnjYvoq.res] ==> ignore
    arg [-plugin-opt=-pass-through=-lgcc_s] ==> ignore
    arg [-plugin-opt=-pass-through=-lgcc] ==> ignore
    arg [-plugin-opt=-pass-through=-lc] ==> ignore
    arg [-plugin-opt=-pass-through=-lgcc_s] ==> ignore
    arg [-plugin-opt=-pass-through=-lgcc] ==> ignore
    arg [--sysroot=/home/bsodwtpc/myFiles/Proj/ePass/buildroot/output/host/arm-buildroot-linux-gnueabi/sysroot] ==> ignore
    arg [--eh-frame-hdr] ==> ignore
    arg [-dynamic-linker] ==> ignore
    arg [/lib/ld-linux.so.3] ==> ignore
    arg [-X] ==> ignore
    arg [-m] ==> ignore
    arg [armelf_linux_eabi] ==> ignore
    arg [-o] ==> ignore
    arg [cmTC_6e452] ==> ignore
    arg [/home/bsodwtpc/myFiles/Proj/ePass/buildroot/output/host/arm-buildroot-linux-gnueabi/sysroot/usr/lib/crt1.o] ==> ignore
    arg [/home/bsodwtpc/myFiles/Proj/ePass/buildroot/output/host/arm-buildroot-linux-gnueabi/sysroot/usr/lib/crti.o] ==> ignore
    arg [/home/bsodwtpc/myFiles/Proj/ePass/buildroot/output/host/lib/gcc/arm-buildroot-linux-gnueabi/8.4.0/crtbegin.o] ==> ignore
    arg [-L/home/bsodwtpc/myFiles/Proj/ePass/buildroot/output/host/lib/gcc/arm-buildroot-linux-gnueabi/8.4.0] ==> dir [/home/bsodwtpc/myFiles/Proj/ePass/buildroot/output/host/lib/gcc/arm-buildroot-linux-gnueabi/8.4.0]
    arg [-L/home/bsodwtpc/myFiles/Proj/ePass/buildroot/output/host/lib/gcc/arm-buildroot-linux-gnueabi/8.4.0/../../../../arm-buildroot-linux-gnueabi/lib] ==> dir [/home/bsodwtpc/myFiles/Proj/ePass/buildroot/output/host/lib/gcc/arm-buildroot-linux-gnueabi/8.4.0/../../../../arm-buildroot-linux-gnueabi/lib]
    arg [-L/home/bsodwtpc/myFiles/Proj/ePass/buildroot/output/host/arm-buildroot-linux-gnueabi/sysroot/lib] ==> dir [/home/bsodwtpc/myFiles/Proj/ePass/buildroot/output/host/arm-buildroot-linux-gnueabi/sysroot/lib]
    arg [-L/home/bsodwtpc/myFiles/Proj/ePass/buildroot/output/host/arm-buildroot-linux-gnueabi/sysroot/usr/lib] ==> dir [/home/bsodwtpc/myFiles/Proj/ePass/buildroot/output/host/arm-buildroot-linux-gnueabi/sysroot/usr/lib]
    arg [CMakeFiles/cmTC_6e452.dir/CMakeCXXCompilerABI.cpp.o] ==> ignore
    arg [-lstdc++] ==> lib [stdc++]
    arg [-lm] ==> lib [m]
    arg [-lgcc_s] ==> lib [gcc_s]
    arg [-lgcc] ==> lib [gcc]
    arg [-lc] ==> lib [c]
    arg [-lgcc_s] ==> lib [gcc_s]
    arg [-lgcc] ==> lib [gcc]
    arg [/home/bsodwtpc/myFiles/Proj/ePass/buildroot/output/host/lib/gcc/arm-buildroot-linux-gnueabi/8.4.0/crtend.o] ==> ignore
    arg [/home/bsodwtpc/myFiles/Proj/ePass/buildroot/output/host/arm-buildroot-linux-gnueabi/sysroot/usr/lib/crtn.o] ==> ignore
  collapse library dir [/home/bsodwtpc/myFiles/Proj/ePass/buildroot/output/host/lib/gcc/arm-buildroot-linux-gnueabi/8.4.0] ==> [/home/bsodwtpc/myFiles/Proj/ePass/buildroot/output/host/lib/gcc/arm-buildroot-linux-gnueabi/8.4.0]
  collapse library dir [/home/bsodwtpc/myFiles/Proj/ePass/buildroot/output/host/lib/gcc/arm-buildroot-linux-gnueabi/8.4.0/../../../../arm-buildroot-linux-gnueabi/lib] ==> [/home/bsodwtpc/myFiles/Proj/ePass/buildroot/output/host/arm-buildroot-linux-gnueabi/lib]
  collapse library dir [/home/bsodwtpc/myFiles/Proj/ePass/buildroot/output/host/arm-buildroot-linux-gnueabi/sysroot/lib] ==> [/home/bsodwtpc/myFiles/Proj/ePass/buildroot/output/host/arm-buildroot-linux-gnueabi/sysroot/lib]
  collapse library dir [/home/bsodwtpc/myFiles/Proj/ePass/buildroot/output/host/arm-buildroot-linux-gnueabi/sysroot/usr/lib] ==> [/home/bsodwtpc/myFiles/Proj/ePass/buildroot/output/host/arm-buildroot-linux-gnueabi/sysroot/usr/lib]
  implicit libs: [stdc++;m;gcc_s;gcc;c;gcc_s;gcc]
  implicit dirs: [/home/bsodwtpc/myFiles/Proj/ePass/buildroot/output/host/lib/gcc/arm-buildroot-linux-gnueabi/8.4.0;/home/bsodwtpc/myFiles/Proj/ePass/buildroot/output/host/arm-buildroot-linux-gnueabi/lib;/home/bsodwtpc/myFiles/Proj/ePass/buildroot/output/host/arm-buildroot-linux-gnueabi/sysroot/lib;/home/bsodwtpc/myFiles/Proj/ePass/buildroot/output/host/arm-buildroot-linux-gnueabi/sysroot/usr/lib]
  implicit fwks: []


